Flutter crash report.
Please report a bug at https://github.com/flutter/flutter/issues.

## command

flutter --no-color run --machine --track-widget-creation --device-id=9585865a --start-paused --dart-define=flutter.inspector.structuredErrors=true lib/main.dart

## exception

ArgumentError: Invalid argument(s): Cannot find executable for /Users/cvdtc/Library/Android/sdk/build-tools/30.0.2/aapt.

```
#0      _getExecutable (package:process/src/interface/local_process_manager.dart:127:5)
#1      LocalProcessManager.runSync (package:process/src/interface/local_process_manager.dart:94:30)
#2      _DefaultProcessUtils.runSync (package:flutter_tools/src/base/process.dart:419:51)
#3      new AndroidApk.fromApk (package:flutter_tools/src/application_package.dart:120:33)
#4      AndroidApk.fromAndroidProject (package:flutter_tools/src/application_package.dart:173:27)
<asynchronous suspension>
#5      AndroidDevice.startApp (package:flutter_tools/src/android/android_device.dart:598:34)
<asynchronous suspension>
#6      FlutterDevice.runHot (package:flutter_tools/src/resident_runner.dart:541:54)
<asynchronous suspension>
#7      HotRunner.run (package:flutter_tools/src/run_hot.dart:368:31)
#8      _rootRunUnary (dart:async/zone.dart:1198:47)
#9      _CustomZone.runUnary (dart:async/zone.dart:1100:19)
#10     _FutureListener.handleValue (dart:async/future_impl.dart:143:18)
#11     Future._propagateToListeners.handleValueCallback (dart:async/future_impl.dart:696:45)
#12     Future._propagateToListeners (dart:async/future_impl.dart:725:32)
#13     Future._completeWithValue (dart:async/future_impl.dart:529:5)
#14     _AsyncAwaitCompleter.complete (dart:async-patch/async_patch.dart:40:15)
#15     _completeOnAsyncReturn (dart:async-patch/async_patch.dart:311:13)
#16     ResidentRunner.runSourceGenerators (package:flutter_tools/src/resident_runner.dart)
#17     _rootRunUnary (dart:async/zone.dart:1198:47)
#18     _CustomZone.runUnary (dart:async/zone.dart:1100:19)
#19     _FutureListener.handleValue (dart:async/future_impl.dart:143:18)
#20     Future._propagateToListeners.handleValueCallback (dart:async/future_impl.dart:696:45)
#21     Future._propagateToListeners (dart:async/future_impl.dart:725:32)
#22     Future._completeWithValue (dart:async/future_impl.dart:529:5)
#23     _AsyncAwaitCompleter.complete (dart:async-patch/async_patch.dart:40:15)
#24     _completeOnAsyncReturn (dart:async-patch/async_patch.dart:311:13)
#25     FlutterBuildSystem.buildIncremental (package:flutter_tools/src/build_system/build_system.dart)
#26     _rootRunUnary (dart:async/zone.dart:1198:47)
#27     _CustomZone.runUnary (dart:async/zone.dart:1100:19)
#28     _FutureListener.handleValue (dart:async/future_impl.dart:143:18)
#29     Future._propagateToListeners.handleValueCallback (dart:async/future_impl.dart:696:45)
#30     Future._propagateToListeners (dart:async/future_impl.dart:725:32)
#31     Future._completeWithValue (dart:async/future_impl.dart:529:5)
#32     _AsyncAwaitCompleter.complete (dart:async-patch/async_patch.dart:40:15)
#33     _completeOnAsyncReturn (dart:async-patch/async_patch.dart:311:13)
#34     _BuildInstance._invokeInternal (package:flutter_tools/src/build_system/build_system.dart)
#35     _rootRunUnary (dart:async/zone.dart:1198:47)
#36     _CustomZone.runUnary (dart:async/zone.dart:1100:19)
#37     _FutureListener.handleValue (dart:async/future_impl.dart:143:18)
#38     Future._propagateToListeners.handleValueCallback (dart:async/future_impl.dart:696:45)
#39     Future._propagateToListeners (dart:async/future_impl.dart:725:32)
#40     Future._completeWithValue (dart:async/future_impl.dart:529:5)
#41     Future._asyncCompleteWithValue.<anonymous closure> (dart:async/future_impl.dart:567:7)
#42     _rootRun (dart:async/zone.dart:1190:13)
#43     _CustomZone.run (dart:async/zone.dart:1093:19)
#44     _CustomZone.runGuarded (dart:async/zone.dart:997:7)
#45     _CustomZone.bindCallbackGuarded.<anonymous closure> (dart:async/zone.dart:1037:23)
#46     _microtaskLoop (dart:async/schedule_microtask.dart:41:21)
#47     _startMicrotaskLoop (dart:async/schedule_microtask.dart:50:5)
#48     _runPendingImmediateCallback (dart:isolate-patch/isolate_patch.dart:118:13)
#49     _RawReceivePortImpl._handleMessage (dart:isolate-patch/isolate_patch.dart:169:5)
```

## flutter doctor

```
[✓] Flutter (Channel stable, 1.20.3, on Mac OS X 10.15.6 19G2021, locale en-ID)
    • Flutter version 1.20.3 at /Users/cvdtc/Developer/flutter
    • Framework revision 216dee60c0 (4 weeks ago), 2020-09-01 12:24:47 -0700
    • Engine revision d1bc06f032
    • Dart version 2.9.2

[!] Android toolchain - develop for Android devices (Android SDK version 30.0.2)
    • Android SDK at /Users/cvdtc/Library/Android/sdk
    • Platform android-30, build-tools 30.0.2
    ✗ Android SDK file not found: /Users/cvdtc/Library/Android/sdk/build-tools/30.0.2/aapt.
    • Try re-installing or updating your Android SDK,
      visit https://flutter.dev/docs/get-started/install/macos#android-setup for detailed instructions.

[✓] Xcode - develop for iOS and macOS (Xcode 11.5)
    • Xcode at /Applications/Xcode.app/Contents/Developer
    • Xcode 11.5, Build version 11E608c
    • CocoaPods version 1.9.3

[✓] Android Studio (version 4.0)
    • Android Studio at /Applications/Android Studio.app/Contents
    • Flutter plugin version 49.0.2
    • Dart plugin version 193.7547
    • Java version OpenJDK Runtime Environment (build 1.8.0_242-release-1644-b3-6222593)

[✓] Connected device (1 available)
    • Redmi Note 9 Pro (mobile) • 9585865a • android-arm64 • Android 10 (API 29)

! Doctor found issues in 1 category.
```
