Flutter crash report.
Please report a bug at https://github.com/flutter/flutter/issues.

## command

flutter run

## exception

RPCError: _flutter.listViews: (-32000) Bad state: The client closed with pending request "_flutter.listViews".

```
```

## flutter doctor

```
[✓] Flutter (Channel master, 1.26.0-2.0.pre.275, on Mac OS X 10.15.6 19G2021 darwin-x64, locale
    en-ID)
    • Flutter version 1.26.0-2.0.pre.275 at /Users/cvdtc/Developer/flutter
    • Framework revision d9044a8a61 (9 days ago), 2021-01-09 04:04:04 -0500
    • Engine revision caf6a8191f
    • Dart version 2.12.0 (build 2.12.0-204.0.dev)

[✓] Android toolchain - develop for Android devices (Android SDK version 30.0.2)
    • Android SDK at /Users/cvdtc/Library/Android/sdk
    • Platform android-30, build-tools 30.0.2
    • Java binary at: /Applications/Android Studio.app/Contents/jre/jdk/Contents/Home/bin/java
    • Java version OpenJDK Runtime Environment (build 1.8.0_242-release-1644-b3-6915495)
    • All Android licenses accepted.

[✓] Xcode - develop for iOS and macOS (Xcode 11.5)
    • Xcode at /Applications/Xcode.app/Contents/Developer
    • Xcode 11.5, Build version 11E608c
    • CocoaPods version 1.10.0

[✓] Chrome - develop for the web
    • Chrome at /Applications/Google Chrome.app/Contents/MacOS/Google Chrome

[✓] Android Studio (version 4.1)
    • Android Studio at /Applications/Android Studio.app/Contents
    • Flutter plugin can be installed from:
      🔨 https://plugins.jetbrains.com/plugin/9212-flutter
    • Dart plugin can be installed from:
      🔨 https://plugins.jetbrains.com/plugin/6351-dart
    • Java version OpenJDK Runtime Environment (build 1.8.0_242-release-1644-b3-6915495)

[✓] Connected device (2 available)
    • Redmi Note 9 Pro (mobile) • 9585865a • android-arm64  • Android 10 (API 29)
    • Chrome (web)              • chrome   • web-javascript • Google Chrome 87.0.4280.88

• No issues found!
```
